PLINK v1.90b6.22 64-bit (16 Apr 2021)
Options in effect:
  --bfile ancient2merge_cleaned_nopug
  --extract GreSalAndModern10kSnps.bim
  --make-bed
  --out ancient2merge_cleaned_nopug10KSnps

Hostname: francesco-latitudee6540
Working directory: /home/francesco/Dropbox/Corsi/Antropologia_Molecolare_e_genetica_delle_dipendenze/MolAnthEsercitazioni/Ex2
Start time: Mon Jun  7 13:37:54 2021

Random number seed: 1623065874
15915 MB RAM detected; reserving 7957 MB for main workspace.
93647 variants loaded from .bim file.
92 people (51 males, 41 females) loaded from .fam.
92 phenotype values loaded from .fam.
--extract: 10000 variants remaining.
Using 1 thread (no multithreaded calculations invoked).
Before main variant filters, 92 founders and 0 nonfounders present.
Calculating allele frequencies... done.
Total genotyping rate is 0.642749.
10000 variants and 92 people pass filters and QC.
Among remaining phenotypes, 0 are cases and 92 are controls.
--make-bed to ancient2merge_cleaned_nopug10KSnps.bed +
ancient2merge_cleaned_nopug10KSnps.bim + ancient2merge_cleaned_nopug10KSnps.fam
... done.

End time: Mon Jun  7 13:37:55 2021
