PLINK v1.90b6.22 64-bit (16 Apr 2021)
Options in effect:
  --bfile GreSalAndModern
  --cluster
  --mds-plot 3
  --out GreSalAndModernMDS

Hostname: francesco-latitudee6540
Working directory: /home/francesco/Dropbox/Corsi/Antropologia_Molecolare_e_genetica_delle_dipendenze/MolAnthEsercitazioni/Ex2
Start time: Mon Jun  7 13:21:30 2021

Random number seed: 1623064890
15915 MB RAM detected; reserving 7957 MB for main workspace.
93647 variants loaded from .bim file.
2353 people (1366 males, 434 females, 553 ambiguous) loaded from .fam.
Ambiguous sex IDs written to GreSalAndModernMDS.nosex .
329 phenotype values loaded from .fam.
Warning: Ignoring phenotypes of missing-sex samples.  If you don't want those
phenotypes to be ignored, use the --allow-no-sex flag.
Using up to 8 threads (change this with --threads).
Before main variant filters, 2353 founders and 0 nonfounders present.
Calculating allele frequencies... done.
Total genotyping rate is 0.987333.
93647 variants and 2353 people pass filters and QC.
Among remaining phenotypes, 0 are cases and 268 are controls.  (2085 phenotypes
are missing.)
Distance matrix calculation complete.
Clustering... done.
Cluster solution written to GreSalAndModernMDS.cluster1 ,
GreSalAndModernMDS.cluster2 , and GreSalAndModernMDS.cluster3 .
Performing multidimensional scaling analysis (SVD algorithm, 3
dimensions)... done.
MDS solution written to GreSalAndModernMDS.mds .

End time: Mon Jun  7 13:21:40 2021
