PLINK v1.90b6.21 64-bit (19 Oct 2020)
Options in effect:
  --bfile GreSalAndModernEurasia
  --keep /proc/self/fd/11
  --make-bed
  --out GreSalAndModernEurasia

Hostname: francesco-latitudee6540
Working directory: /home/francesco/Dropbox/Corsi/Antropologia_Molecolare_e_genetica_delle_dipendenze/MolAnthEsercitazioni/Ex3
Start time: Thu Jun 10 11:53:11 2021

Random number seed: 1623318791
15915 MB RAM detected; reserving 7957 MB for main workspace.
Warning: --make-bed input and output filenames match.  Appending '~' to input
filenames.
93644 variants loaded from .bim file.
1075 people (654 males, 300 females, 121 ambiguous) loaded from .fam.
Ambiguous sex IDs written to GreSalAndModernEurasia.nosex .
320 phenotype values loaded from .fam.
--keep: 1043 people remaining.
Warning: Ignoring phenotypes of missing-sex samples.  If you don't want those
phenotypes to be ignored, use the --allow-no-sex flag.
Using 1 thread (no multithreaded calculations invoked).
Before main variant filters, 1043 founders and 0 nonfounders present.
Calculating allele frequencies... done.
Total genotyping rate in remaining samples is 0.973523.
93644 variants and 1043 people pass filters and QC.
Among remaining phenotypes, 0 are cases and 320 are controls.  (723 phenotypes
are missing.)
--make-bed to GreSalAndModernEurasia.bed + GreSalAndModernEurasia.bim +
GreSalAndModernEurasia.fam ... done.

End time: Thu Jun 10 11:53:11 2021
