PLINK v1.90b6.22 64-bit (16 Apr 2021)
Options in effect:
  --bfile GreSalAndModern
  --out GreSalAndModernPCA
  --pca 4

Hostname: francesco-latitudee6540
Working directory: /home/francesco/Dropbox/Corsi/Antropologia_Molecolare_e_genetica_delle_dipendenze/MolAnthEsercitazioni/Ex2
Start time: Mon Jun  7 13:07:40 2021

Random number seed: 1623064060
15915 MB RAM detected; reserving 7957 MB for main workspace.
93647 variants loaded from .bim file.
2353 people (1366 males, 434 females, 553 ambiguous) loaded from .fam.
Ambiguous sex IDs written to GreSalAndModernPCA.nosex .
329 phenotype values loaded from .fam.
Warning: Ignoring phenotypes of missing-sex samples.  If you don't want those
phenotypes to be ignored, use the --allow-no-sex flag.
Using up to 8 threads (change this with --threads).
Before main variant filters, 2353 founders and 0 nonfounders present.
Calculating allele frequencies... done.
Total genotyping rate is 0.987333.
93647 variants and 2353 people pass filters and QC.
Among remaining phenotypes, 0 are cases and 268 are controls.  (2085 phenotypes
are missing.)
Relationship matrix calculation complete.
--pca: Results saved to GreSalAndModernPCA.eigenval and
GreSalAndModernPCA.eigenvec .

End time: Mon Jun  7 13:07:55 2021
