PLINK v1.90b6.21 64-bit (19 Oct 2020)
Options in effect:
  --bfile GreSalAndModernEurasia
  --out GreSalAndModernEurasiaPCA
  --pca 4

Hostname: francesco-latitudee6540
Working directory: /home/francesco/Dropbox/Corsi/Antropologia_Molecolare_e_genetica_delle_dipendenze/MolAnthEsercitazioni/Ex3
Start time: Thu Jun 10 11:57:05 2021

Random number seed: 1623319025
15915 MB RAM detected; reserving 7957 MB for main workspace.
93644 variants loaded from .bim file.
1043 people (623 males, 299 females, 121 ambiguous) loaded from .fam.
Ambiguous sex IDs written to GreSalAndModernEurasiaPCA.nosex .
320 phenotype values loaded from .fam.
Warning: Ignoring phenotypes of missing-sex samples.  If you don't want those
phenotypes to be ignored, use the --allow-no-sex flag.
Using up to 8 threads (change this with --threads).
Before main variant filters, 1043 founders and 0 nonfounders present.
Calculating allele frequencies... done.
Total genotyping rate is 0.973523.
93644 variants and 1043 people pass filters and QC.
Among remaining phenotypes, 0 are cases and 259 are controls.  (784 phenotypes
are missing.)
Relationship matrix calculation complete.
--pca: Results saved to GreSalAndModernEurasiaPCA.eigenval and
GreSalAndModernEurasiaPCA.eigenvec .

End time: Thu Jun 10 11:57:09 2021
